d:\projects\d3d_framework\directx11\x64\debug\directx11.pdb
d:\projects\d3d_framework\directx11\x64\debug\directx11.idb
d:\projects\d3d_framework\directx11\directx11\x64\debug\render.obj
d:\projects\d3d_framework\directx11\directx11\x64\debug\fwork.obj
d:\projects\d3d_framework\directx11\directx11\x64\debug\shadow.obj
d:\projects\d3d_framework\directx11\directx11\x64\debug\object.obj
d:\projects\d3d_framework\directx11\directx11\x64\debug\model.obj
d:\projects\d3d_framework\directx11\directx11\x64\debug\materials.obj
d:\projects\d3d_framework\directx11\directx11\x64\debug\map.obj
d:\projects\d3d_framework\directx11\directx11\x64\debug\light.obj
d:\projects\d3d_framework\directx11\directx11\x64\debug\cube.obj
d:\projects\d3d_framework\directx11\directx11\x64\debug\camera.obj
d:\projects\d3d_framework\directx11\directx11\x64\debug\background.obj
d:\projects\d3d_framework\directx11\directx11\x64\debug\window.obj
d:\projects\d3d_framework\directx11\directx11\x64\debug\input.obj
d:\projects\d3d_framework\directx11\directx11\x64\debug\textures.obj
d:\projects\d3d_framework\directx11\directx11\x64\debug\sound3d.obj
d:\projects\d3d_framework\directx11\directx11\x64\debug\sound.obj
d:\projects\d3d_framework\directx11\directx11\x64\debug\shader.obj
d:\projects\d3d_framework\directx11\directx11\x64\debug\log.obj
d:\projects\d3d_framework\directx11\directx11\x64\debug\blend.obj
d:\projects\d3d_framework\directx11\directx11\x64\debug\animation.obj
d:\projects\d3d_framework\directx11\directx11\x64\debug\directx11.pch
d:\projects\d3d_framework\directx11\directx11\x64\debug\pch.obj
d:\projects\d3d_framework\directx11\x64\debug\directx11.lib
d:\projects\d3d_framework\directx11\directx11\x64\debug\directx11.obj
d:\projects\d3d_framework\directx11\directx11\x64\debug\directx11.tlog\cl.command.1.tlog
d:\projects\d3d_framework\directx11\directx11\x64\debug\directx11.tlog\cl.items.tlog
d:\projects\d3d_framework\directx11\directx11\x64\debug\directx11.tlog\cl.read.1.tlog
d:\projects\d3d_framework\directx11\directx11\x64\debug\directx11.tlog\cl.write.1.tlog
d:\projects\d3d_framework\directx11\directx11\x64\debug\directx11.tlog\lib-link.read.1.tlog
d:\projects\d3d_framework\directx11\directx11\x64\debug\directx11.tlog\lib-link.write.1.tlog
d:\projects\d3d_framework\directx11\directx11\x64\debug\directx11.tlog\lib.command.1.tlog
